{"C:\\Users\\Alexander\\VScode\\УГЛУБЛЕННОЕ ИЗУЧЕНИЕ JS\\HW6\\src\\HeroHealthy.js": {"path":"C:\\Users\\Alexander\\VScode\\УГЛУБЛЕННОЕ ИЗУЧЕНИЕ JS\\HW6\\src\\HeroHealthy.js","statementMap":{"0":{"start":{"line":2,"column":4},"end":{"line":14,"column":5}},"1":{"start":{"line":3,"column":8},"end":{"line":3,"column":24}},"2":{"start":{"line":5,"column":9},"end":{"line":14,"column":5}},"3":{"start":{"line":6,"column":8},"end":{"line":6,"column":24}},"4":{"start":{"line":9,"column":9},"end":{"line":14,"column":5}},"5":{"start":{"line":10,"column":8},"end":{"line":10,"column":25}},"6":{"start":{"line":13,"column":8},"end":{"line":13,"column":21}}},"fnMap":{"0":{"name":"healthy","decl":{"start":{"line":1,"column":24},"end":{"line":1,"column":31}},"loc":{"start":{"line":1,"column":37},"end":{"line":17,"column":1}},"line":1}},"branchMap":{"0":{"loc":{"start":{"line":2,"column":4},"end":{"line":14,"column":5}},"type":"if","locations":[{"start":{"line":2,"column":4},"end":{"line":14,"column":5}},{"start":{"line":5,"column":9},"end":{"line":14,"column":5}}],"line":2},"1":{"loc":{"start":{"line":5,"column":9},"end":{"line":14,"column":5}},"type":"if","locations":[{"start":{"line":5,"column":9},"end":{"line":14,"column":5}},{"start":{"line":9,"column":9},"end":{"line":14,"column":5}}],"line":5},"2":{"loc":{"start":{"line":5,"column":14},"end":{"line":5,"column":51}},"type":"binary-expr","locations":[{"start":{"line":5,"column":14},"end":{"line":5,"column":31}},{"start":{"line":5,"column":35},"end":{"line":5,"column":51}}],"line":5},"3":{"loc":{"start":{"line":9,"column":9},"end":{"line":14,"column":5}},"type":"if","locations":[{"start":{"line":9,"column":9},"end":{"line":14,"column":5}},{"start":{"line":12,"column":8},"end":{"line":14,"column":5}}],"line":9},"4":{"loc":{"start":{"line":9,"column":14},"end":{"line":9,"column":49}},"type":"binary-expr","locations":[{"start":{"line":9,"column":14},"end":{"line":9,"column":30}},{"start":{"line":9,"column":34},"end":{"line":9,"column":49}}],"line":9}},"s":{"0":5,"1":1,"2":4,"3":2,"4":2,"5":1,"6":1},"f":{"0":5},"b":{"0":[1,4],"1":[2,2],"2":[4,2],"3":[1,1],"4":[2,2]},"_coverageSchema":"1a1c01bbd47fc00a2c39e90264f33305004495a9","hash":"c02000451bf4a5ab8498e271ed6915585c28d046"}
}
